Build started 8/17/2017 8:32:51 AM.
     1>Project "C:\Users\Welcome\Desktop\BAI TAP\phim heo\gamec\thunghiem\thunghiem.vcxproj" on node 2 (Build target(s)).
     1>InitializeBuildStatus:
         Touching "Release\thunghiem.unsuccessfulbuild".
       ClCompile:
         C:\Program Files (x86)\Microsoft Visual Studio 11.0\VC\bin\CL.exe /c /Zi /nologo /W3 /WX- /O2 /Oi /Oy- /GL /D WIN32 /D NDEBUG /D _CONSOLE /D _UNICODE /D UNICODE /Gm- /EHsc /MD /GS /Gy /fp:precise /Zc:wchar_t /Zc:forScope /Fo"Release\\" /Fd"Release\vc110.pdb" /Gd /TP /analyze- /errorReport:prompt Source.cpp
         Source.cpp
     1>Source.cpp(9): warning C4996: 'scanf': This function or variable may be unsafe. Consider using scanf_s instead. To disable deprecation, use _CRT_SECURE_NO_WARNINGS. See online help for details.
                 C:\Program Files (x86)\Microsoft Visual Studio 11.0\VC\include\stdio.h(290) : see declaration of 'scanf'
     1>Source.cpp(23): warning C4996: 'getch': The POSIX name for this item is deprecated. Instead, use the ISO C++ conformant name: _getch. See online help for details.
                 C:\Program Files (x86)\Microsoft Visual Studio 11.0\VC\include\conio.h(131) : see declaration of 'getch'
       Link:
         C:\Program Files (x86)\Microsoft Visual Studio 11.0\VC\bin\link.exe /ERRORREPORT:PROMPT /OUT:"C:\Users\Welcome\Desktop\BAI TAP\phim heo\gamec\Release\thunghiem.exe" /INCREMENTAL:NO /NOLOGO kernel32.lib user32.lib gdi32.lib winspool.lib comdlg32.lib advapi32.lib shell32.lib ole32.lib oleaut32.lib uuid.lib odbc32.lib odbccp32.lib /MANIFEST /MANIFESTUAC:"level='asInvoker' uiAccess='false'" /manifest:embed /DEBUG /PDB:"C:\Users\Welcome\Desktop\BAI TAP\phim heo\gamec\Release\thunghiem.pdb" /SUBSYSTEM:CONSOLE /OPT:REF /OPT:ICF /LTCG /TLBID:1 /DYNAMICBASE /NXCOMPAT /IMPLIB:"C:\Users\Welcome\Desktop\BAI TAP\phim heo\gamec\Release\thunghiem.lib" /MACHINE:X86 /SAFESEH Release\Source.obj
         Generating code
         Finished generating code
         thunghiem.vcxproj -> C:\Users\Welcome\Desktop\BAI TAP\phim heo\gamec\Release\thunghiem.exe
       FinalizeBuildStatus:
         Deleting file "Release\thunghiem.unsuccessfulbuild".
         Touching "Release\thunghiem.lastbuildstate".
     1>Done Building Project "C:\Users\Welcome\Desktop\BAI TAP\phim heo\gamec\thunghiem\thunghiem.vcxproj" (Build target(s)).

Build succeeded.

Time Elapsed 00:00:01.31
